This is pdfTeX, Version 3.141592653-2.6-1.40.25 (TeX Live 2023/Debian) (preloaded format=pdflatex 2026.5.15)  12 JUN 2026 20:41
entering extended mode
 restricted \write18 enabled.
 file:line:error style messages enabled.
 %&-line parsing enabled.
**/home/jorge/ros2_thesis_ws/src/escrito/Tesis/tesis.tex
(/home/jorge/ros2_thesis_ws/src/escrito/Tesis/tesis.tex
LaTeX2e <2023-11-01> patch level 1
L3 programming layer <2024-01-22>
(./tesis.cls
Document Class: tesis 1996/25/01 1.0g LaTeX document class (wm).
\hours=\count187
\minutes=\count188
(/usr/share/texlive/texmf-dist/tex/latex/base/bk11.clo
File: bk11.clo 2023/05/17 v1.4n Standard LaTeX file (size option)
)
\c@part=\count189
\c@chapter=\count190
\c@section=\count191
\c@subsection=\count192
\c@subsubsection=\count193
\c@paragraph=\count194
\c@subparagraph=\count195
\beforechaptervspace=\skip48
\afterchaptervspace=\skip49
\exampleindent=\skip50
\c@figure=\count196
\c@table=\count197
\abovecaptionskip=\skip51
\belowcaptionskip=\skip52
\bibindent=\dimen140
) (/usr/share/texlive/texmf-dist/tex/latex/multirow/multirow.sty
Package: multirow 2021/03/15 v2.8 Span multiple rows of a table
\multirow@colwidth=\skip53
\multirow@cntb=\count198
\multirow@dima=\skip54
\bigstrutjot=\dimen141
) (/usr/share/texlive/texmf-dist/tex/latex/graphics/graphicx.sty
Package: graphicx 2021/09/16 v1.2d Enhanced LaTeX Graphics (DPC,SPQR)
 (/usr/share/texlive/texmf-dist/tex/latex/graphics/keyval.sty
Package: keyval 2022/05/29 v1.15 key=value parser (DPC)
\KV@toks@=\toks17
) (/usr/share/texlive/texmf-dist/tex/latex/graphics/graphics.sty
Package: graphics 2022/03/10 v1.4e Standard LaTeX Graphics (DPC,SPQR)
 (/usr/share/texlive/texmf-dist/tex/latex/graphics/trig.sty
Package: trig 2021/08/11 v1.11 sin cos tan (DPC)
) (/usr/share/texlive/texmf-dist/tex/latex/graphics-cfg/graphics.cfg
File: graphics.cfg 2016/06/04 v1.11 sample graphics configuration
)
Package graphics Info: Driver file: pdftex.def on input line 107.
 (/usr/share/texlive/texmf-dist/tex/latex/graphics-def/pdftex.def
File: pdftex.def 2022/09/22 v1.2b Graphics/color driver for pdftex
))
\Gin@req@height=\dimen142
\Gin@req@width=\dimen143
) (/usr/share/texlive/texmf-dist/tex/latex/base/inputenc.sty
Package: inputenc 2021/02/14 v1.3d Input encoding file
\inpenc@prehook=\toks18
\inpenc@posthook=\toks19
) (/usr/share/texlive/texmf-dist/tex/generic/babel/babel.sty
Package: babel 2024/01/07 v24.1 The Babel package
\babel@savecnt=\count199
\U@D=\dimen144
\l@unhyphenated=\language89
 (/usr/share/texlive/texmf-dist/tex/generic/babel/txtbabel.def)
\bbl@readstream=\read2
\bbl@dirlevel=\count266
 (/usr/share/texlive/texmf-dist/tex/generic/babel-spanish/spanish.ldf
Language: spanish.ldf 2021/05/27 v5.0q Spanish support from the babel system
\es@quottoks=\toks20
\es@quotdepth=\count267
Package babel Info: Making " an active character on input line 570.
Package babel Info: Making . an active character on input line 675.
Package babel Info: Making < an active character on input line 722.
Package babel Info: Making > an active character on input line 722.
)) (/usr/share/texlive/texmf-dist/tex/generic/babel/locale/es/babel-spanish.tex
Package babel Info: Importing font and identification data for spanish
(babel)             from babel-es.ini. Reported on input line 11.
) (/usr/share/texlive/texmf-dist/tex/latex/geometry/geometry.sty
Package: geometry 2020/01/02 v5.9 Page Geometry
 (/usr/share/texlive/texmf-dist/tex/generic/iftex/ifvtex.sty
Package: ifvtex 2019/10/25 v1.7 ifvtex legacy package. Use iftex instead.
 (/usr/share/texlive/texmf-dist/tex/generic/iftex/iftex.sty
Package: iftex 2022/02/03 v1.0f TeX engine tests
))
\Gm@cnth=\count268
\Gm@cntv=\count269
\c@Gm@tempcnt=\count270
\Gm@bindingoffset=\dimen145
\Gm@wd@mp=\dimen146
\Gm@odd@mp=\dimen147
\Gm@even@mp=\dimen148
\Gm@layoutwidth=\dimen149
\Gm@layoutheight=\dimen150
\Gm@layouthoffset=\dimen151
\Gm@layoutvoffset=\dimen152
\Gm@dimlist=\toks21
) (/usr/share/texlive/texmf-dist/tex/latex/float/float.sty
Package: float 2001/11/08 v1.3d Float enhancements (AL)
\c@float@type=\count271
\float@exts=\toks22
\float@box=\box51
\@float@everytoks=\toks23
\@floatcapt=\box52
) (/usr/share/texlive/texmf-dist/tex/latex/amsmath/amsmath.sty
Package: amsmath 2023/05/13 v2.17o AMS math features
\@mathmargin=\skip55

For additional information on amsmath, use the `?' option.
(/usr/share/texlive/texmf-dist/tex/latex/amsmath/amstext.sty
Package: amstext 2021/08/26 v2.01 AMS text
 (/usr/share/texlive/texmf-dist/tex/latex/amsmath/amsgen.sty
File: amsgen.sty 1999/11/30 v2.0 generic functions
\@emptytoks=\toks24
\ex@=\dimen153
)) (/usr/share/texlive/texmf-dist/tex/latex/amsmath/amsbsy.sty
Package: amsbsy 1999/11/29 v1.2d Bold Symbols
\pmbraise@=\dimen154
) (/usr/share/texlive/texmf-dist/tex/latex/amsmath/amsopn.sty
Package: amsopn 2022/04/08 v2.04 operator names
)
\inf@bad=\count272
LaTeX Info: Redefining \frac on input line 234.
\uproot@=\count273
\leftroot@=\count274
LaTeX Info: Redefining \overline on input line 399.
LaTeX Info: Redefining \colon on input line 410.
\classnum@=\count275
\DOTSCASE@=\count276
LaTeX Info: Redefining \ldots on input line 496.
LaTeX Info: Redefining \dots on input line 499.
LaTeX Info: Redefining \cdots on input line 620.
\Mathstrutbox@=\box53
\strutbox@=\box54
LaTeX Info: Redefining \big on input line 722.
LaTeX Info: Redefining \Big on input line 723.
LaTeX Info: Redefining \bigg on input line 724.
LaTeX Info: Redefining \Bigg on input line 725.
\big@size=\dimen155
LaTeX Font Info:    Redeclaring font encoding OML on input line 743.
LaTeX Font Info:    Redeclaring font encoding OMS on input line 744.
\macc@depth=\count277
LaTeX Info: Redefining \bmod on input line 905.
LaTeX Info: Redefining \pmod on input line 910.
LaTeX Info: Redefining \smash on input line 940.
LaTeX Info: Redefining \relbar on input line 970.
LaTeX Info: Redefining \Relbar on input line 971.
\c@MaxMatrixCols=\count278
\dotsspace@=\muskip16
\c@parentequation=\count279
\dspbrk@lvl=\count280
\tag@help=\toks25
\row@=\count281
\column@=\count282
\maxfields@=\count283
\andhelp@=\toks26
\eqnshift@=\dimen156
\alignsep@=\dimen157
\tagshift@=\dimen158
\tagwidth@=\dimen159
\totwidth@=\dimen160
\lineht@=\dimen161
\@envbody=\toks27
\multlinegap=\skip56
\multlinetaggap=\skip57
\mathdisplay@stack=\toks28
LaTeX Info: Redefining \[ on input line 2953.
LaTeX Info: Redefining \] on input line 2954.
) (/usr/share/texlive/texmf-dist/tex/latex/amsfonts/amssymb.sty
Package: amssymb 2013/01/14 v3.01 AMS font symbols
 (/usr/share/texlive/texmf-dist/tex/latex/amsfonts/amsfonts.sty
Package: amsfonts 2013/01/14 v3.01 Basic AMSFonts support
\symAMSa=\mathgroup4
\symAMSb=\mathgroup5
LaTeX Font Info:    Redeclaring math symbol \hbar on input line 98.
LaTeX Font Info:    Overwriting math alphabet `\mathfrak' in version `bold'
(Font)                  U/euf/m/n --> U/euf/b/n on input line 106.
)) (/usr/share/texlive/texmf-dist/tex/latex/mathtools/mathtools.sty
Package: mathtools 2022/06/29 v1.29 mathematical typesetting tools
 (/usr/share/texlive/texmf-dist/tex/latex/tools/calc.sty
Package: calc 2023/07/08 v4.3 Infix arithmetic (KKT,FJ)
\calc@Acount=\count284
\calc@Bcount=\count285
\calc@Adimen=\dimen162
\calc@Bdimen=\dimen163
\calc@Askip=\skip58
\calc@Bskip=\skip59
LaTeX Info: Redefining \setlength on input line 80.
LaTeX Info: Redefining \addtolength on input line 81.
\calc@Ccount=\count286
\calc@Cskip=\skip60
) (/usr/share/texlive/texmf-dist/tex/latex/mathtools/mhsetup.sty
Package: mhsetup 2021/03/18 v1.4 programming setup (MH)
)
\g_MT_multlinerow_int=\count287
\l_MT_multwidth_dim=\dimen164
\origjot=\skip61
\l_MT_shortvdotswithinadjustabove_dim=\dimen165
\l_MT_shortvdotswithinadjustbelow_dim=\dimen166
\l_MT_above_intertext_sep=\dimen167
\l_MT_below_intertext_sep=\dimen168
\l_MT_above_shortintertext_sep=\dimen169
\l_MT_below_shortintertext_sep=\dimen170
\xmathstrut@box=\box55
\xmathstrut@dim=\dimen171
) (/usr/share/texlive/texmf-dist/tex/latex/booktabs/booktabs.sty
Package: booktabs 2020/01/12 v1.61803398 Publication quality tables
\heavyrulewidth=\dimen172
\lightrulewidth=\dimen173
\cmidrulewidth=\dimen174
\belowrulesep=\dimen175
\belowbottomsep=\dimen176
\aboverulesep=\dimen177
\abovetopsep=\dimen178
\cmidrulesep=\dimen179
\cmidrulekern=\dimen180
\defaultaddspace=\dimen181
\@cmidla=\count288
\@cmidlb=\count289
\@aboverulesep=\dimen182
\@belowrulesep=\dimen183
\@thisruleclass=\count290
\@lastruleclass=\count291
\@thisrulewidth=\dimen184
) (/usr/share/texlive/texmf-dist/tex/latex/algorithms/algorithm.sty
Package: algorithm 2009/08/24 v0.1 Document Style `algorithm' - floating environment
 (/usr/share/texlive/texmf-dist/tex/latex/base/ifthen.sty
Package: ifthen 2022/04/13 v1.1d Standard LaTeX ifthen package (DPC)
)
\@float@every@algorithm=\toks29
\c@algorithm=\count292
) (/usr/share/texlive/texmf-dist/tex/latex/algorithmicx/algpseudocode.sty
Package: algpseudocode 
 (/usr/share/texlive/texmf-dist/tex/latex/algorithmicx/algorithmicx.sty
Package: algorithmicx 2005/04/27 v1.2 Algorithmicx

Document Style algorithmicx 1.2 - a greatly improved `algorithmic' style
\c@ALG@line=\count293
\c@ALG@rem=\count294
\c@ALG@nested=\count295
\ALG@tlm=\skip62
\ALG@thistlm=\skip63
\c@ALG@Lnr=\count296
\c@ALG@blocknr=\count297
\c@ALG@storecount=\count298
\c@ALG@tmpcounter=\count299
\ALG@tmplength=\skip64
)
Document Style - pseudocode environments for use with the `algorithmicx' style
) (/usr/share/texlive/texmf-dist/tex/latex/url/url.sty
\Urlmuskip=\muskip17
Package: url 2013/09/16  ver 3.4  Verb mode for urls, etc.
) (/usr/share/texlive/texmf-dist/tex/latex/tcolorbox/tcolorbox.sty
Package: tcolorbox 2024/01/10 version 6.2.0 text color boxes
 (/usr/share/texlive/texmf-dist/tex/latex/pgf/basiclayer/pgf.sty (/usr/share/texlive/texmf-dist/tex/latex/pgf/utilities/pgfrcs.sty (/usr/share/texlive/texmf-dist/tex/generic/pgf/utilities/pgfutil-common.tex
\pgfutil@everybye=\toks30
\pgfutil@tempdima=\dimen185
\pgfutil@tempdimb=\dimen186
) (/usr/share/texlive/texmf-dist/tex/generic/pgf/utilities/pgfutil-latex.def
\pgfutil@abb=\box56
) (/usr/share/texlive/texmf-dist/tex/generic/pgf/utilities/pgfrcs.code.tex (/usr/share/texlive/texmf-dist/tex/generic/pgf/pgf.revision.tex)
Package: pgfrcs 2023-01-15 v3.1.10 (3.1.10)
))
Package: pgf 2023-01-15 v3.1.10 (3.1.10)
 (/usr/share/texlive/texmf-dist/tex/latex/pgf/basiclayer/pgfcore.sty (/usr/share/texlive/texmf-dist/tex/latex/pgf/systemlayer/pgfsys.sty (/usr/share/texlive/texmf-dist/tex/generic/pgf/systemlayer/pgfsys.code.tex
Package: pgfsys 2023-01-15 v3.1.10 (3.1.10)
 (/usr/share/texlive/texmf-dist/tex/generic/pgf/utilities/pgfkeys.code.tex
\pgfkeys@pathtoks=\toks31
\pgfkeys@temptoks=\toks32
 (/usr/share/texlive/texmf-dist/tex/generic/pgf/utilities/pgfkeyslibraryfiltered.code.tex
\pgfkeys@tmptoks=\toks33
))
\pgf@x=\dimen187
\pgf@y=\dimen188
\pgf@xa=\dimen189
\pgf@ya=\dimen190
\pgf@xb=\dimen191
\pgf@yb=\dimen192
\pgf@xc=\dimen193
\pgf@yc=\dimen194
\pgf@xd=\dimen195
\pgf@yd=\dimen196
\w@pgf@writea=\write3
\r@pgf@reada=\read3
\c@pgf@counta=\count300
\c@pgf@countb=\count301
\c@pgf@countc=\count302
\c@pgf@countd=\count303
\t@pgf@toka=\toks34
\t@pgf@tokb=\toks35
\t@pgf@tokc=\toks36
\pgf@sys@id@count=\count304
 (/usr/share/texlive/texmf-dist/tex/generic/pgf/systemlayer/pgf.cfg
File: pgf.cfg 2023-01-15 v3.1.10 (3.1.10)
)
Driver file for pgf: pgfsys-pdftex.def
 (/usr/share/texlive/texmf-dist/tex/generic/pgf/systemlayer/pgfsys-pdftex.def
File: pgfsys-pdftex.def 2023-01-15 v3.1.10 (3.1.10)
 (/usr/share/texlive/texmf-dist/tex/generic/pgf/systemlayer/pgfsys-common-pdf.def
File: pgfsys-common-pdf.def 2023-01-15 v3.1.10 (3.1.10)
))) (/usr/share/texlive/texmf-dist/tex/generic/pgf/systemlayer/pgfsyssoftpath.code.tex
File: pgfsyssoftpath.code.tex 2023-01-15 v3.1.10 (3.1.10)
\pgfsyssoftpath@smallbuffer@items=\count305
\pgfsyssoftpath@bigbuffer@items=\count306
) (/usr/share/texlive/texmf-dist/tex/generic/pgf/systemlayer/pgfsysprotocol.code.tex
File: pgfsysprotocol.code.tex 2023-01-15 v3.1.10 (3.1.10)
)) (/usr/share/texlive/texmf-dist/tex/latex/xcolor/xcolor.sty
Package: xcolor 2023/11/15 v3.01 LaTeX color extensions (UK)
 (/usr/share/texlive/texmf-dist/tex/latex/graphics-cfg/color.cfg
File: color.cfg 2016/01/02 v1.6 sample color configuration
)
Package xcolor Info: Driver file: pdftex.def on input line 274.
 (/usr/share/texlive/texmf-dist/tex/latex/graphics/mathcolor.ltx)
Package xcolor Info: Model `cmy' substituted by `cmy0' on input line 1350.
Package xcolor Info: Model `hsb' substituted by `rgb' on input line 1354.
Package xcolor Info: Model `RGB' extended on input line 1366.
Package xcolor Info: Model `HTML' substituted by `rgb' on input line 1368.
Package xcolor Info: Model `Hsb' substituted by `hsb' on input line 1369.
Package xcolor Info: Model `tHsb' substituted by `hsb' on input line 1370.
Package xcolor Info: Model `HSB' substituted by `hsb' on input line 1371.
Package xcolor Info: Model `Gray' substituted by `gray' on input line 1372.
Package xcolor Info: Model `wave' substituted by `hsb' on input line 1373.
) (/usr/share/texlive/texmf-dist/tex/generic/pgf/basiclayer/pgfcore.code.tex
Package: pgfcore 2023-01-15 v3.1.10 (3.1.10)
 (/usr/share/texlive/texmf-dist/tex/generic/pgf/math/pgfmath.code.tex (/usr/share/texlive/texmf-dist/tex/generic/pgf/math/pgfmathutil.code.tex) (/usr/share/texlive/texmf-dist/tex/generic/pgf/math/pgfmathparser.code.tex
\pgfmath@dimen=\dimen197
\pgfmath@count=\count307
\pgfmath@box=\box57
\pgfmath@toks=\toks37
\pgfmath@stack@operand=\toks38
\pgfmath@stack@operation=\toks39
) (/usr/share/texlive/texmf-dist/tex/generic/pgf/math/pgfmathfunctions.code.tex) (/usr/share/texlive/texmf-dist/tex/generic/pgf/math/pgfmathfunctions.basic.code.tex) (/usr/share/texlive/texmf-dist/tex/generic/pgf/math/pgfmathfunctions.trigonometric.code.tex) (/usr/share/texlive/texmf-dist/tex/generic/pgf/math/pgfmathfunctions.random.code.tex) (/usr/share/texlive/texmf-dist/tex/generic/pgf/math/pgfmathfunctions.comparison.code.tex) (/usr/share/texlive/texmf-dist/tex/generic/pgf/math/pgfmathfunctions.base.code.tex) (/usr/share/texlive/texmf-dist/tex/generic/pgf/math/pgfmathfunctions.round.code.tex) (/usr/share/texlive/texmf-dist/tex/generic/pgf/math/pgfmathfunctions.misc.code.tex) (/usr/share/texlive/texmf-dist/tex/generic/pgf/math/pgfmathfunctions.integerarithmetics.code.tex) (/usr/share/texlive/texmf-dist/tex/generic/pgf/math/pgfmathcalc.code.tex) (/usr/share/texlive/texmf-dist/tex/generic/pgf/math/pgfmathfloat.code.tex
\c@pgfmathroundto@lastzeros=\count308
)) (/usr/share/texlive/texmf-dist/tex/generic/pgf/math/pgfint.code.tex) (/usr/share/texlive/texmf-dist/tex/generic/pgf/basiclayer/pgfcorepoints.code.tex
File: pgfcorepoints.code.tex 2023-01-15 v3.1.10 (3.1.10)
\pgf@picminx=\dimen198
\pgf@picmaxx=\dimen199
\pgf@picminy=\dimen256
\pgf@picmaxy=\dimen257
\pgf@pathminx=\dimen258
\pgf@pathmaxx=\dimen259
\pgf@pathminy=\dimen260
\pgf@pathmaxy=\dimen261
\pgf@xx=\dimen262
\pgf@xy=\dimen263
\pgf@yx=\dimen264
\pgf@yy=\dimen265
\pgf@zx=\dimen266
\pgf@zy=\dimen267
) (/usr/share/texlive/texmf-dist/tex/generic/pgf/basiclayer/pgfcorepathconstruct.code.tex
File: pgfcorepathconstruct.code.tex 2023-01-15 v3.1.10 (3.1.10)
\pgf@path@lastx=\dimen268
\pgf@path@lasty=\dimen269
) (/usr/share/texlive/texmf-dist/tex/generic/pgf/basiclayer/pgfcorepathusage.code.tex
File: pgfcorepathusage.code.tex 2023-01-15 v3.1.10 (3.1.10)
\pgf@shorten@end@additional=\dimen270
\pgf@shorten@start@additional=\dimen271
) (/usr/share/texlive/texmf-dist/tex/generic/pgf/basiclayer/pgfcorescopes.code.tex
File: pgfcorescopes.code.tex 2023-01-15 v3.1.10 (3.1.10)
\pgfpic=\box58
\pgf@hbox=\box59
\pgf@layerbox@main=\box60
\pgf@picture@serial@count=\count309
) (/usr/share/texlive/texmf-dist/tex/generic/pgf/basiclayer/pgfcoregraphicstate.code.tex
File: pgfcoregraphicstate.code.tex 2023-01-15 v3.1.10 (3.1.10)
\pgflinewidth=\dimen272
) (/usr/share/texlive/texmf-dist/tex/generic/pgf/basiclayer/pgfcoretransformations.code.tex
File: pgfcoretransformations.code.tex 2023-01-15 v3.1.10 (3.1.10)
\pgf@pt@x=\dimen273
\pgf@pt@y=\dimen274
\pgf@pt@temp=\dimen275
) (/usr/share/texlive/texmf-dist/tex/generic/pgf/basiclayer/pgfcorequick.code.tex
File: pgfcorequick.code.tex 2023-01-15 v3.1.10 (3.1.10)
) (/usr/share/texlive/texmf-dist/tex/generic/pgf/basiclayer/pgfcoreobjects.code.tex
File: pgfcoreobjects.code.tex 2023-01-15 v3.1.10 (3.1.10)
) (/usr/share/texlive/texmf-dist/tex/generic/pgf/basiclayer/pgfcorepathprocessing.code.tex
File: pgfcorepathprocessing.code.tex 2023-01-15 v3.1.10 (3.1.10)
) (/usr/share/texlive/texmf-dist/tex/generic/pgf/basiclayer/pgfcorearrows.code.tex
File: pgfcorearrows.code.tex 2023-01-15 v3.1.10 (3.1.10)
\pgfarrowsep=\dimen276
) (/usr/share/texlive/texmf-dist/tex/generic/pgf/basiclayer/pgfcoreshade.code.tex
File: pgfcoreshade.code.tex 2023-01-15 v3.1.10 (3.1.10)
\pgf@max=\dimen277
\pgf@sys@shading@range@num=\count310
\pgf@shadingcount=\count311
) (/usr/share/texlive/texmf-dist/tex/generic/pgf/basiclayer/pgfcoreimage.code.tex
File: pgfcoreimage.code.tex 2023-01-15 v3.1.10 (3.1.10)
) (/usr/share/texlive/texmf-dist/tex/generic/pgf/basiclayer/pgfcoreexternal.code.tex
File: pgfcoreexternal.code.tex 2023-01-15 v3.1.10 (3.1.10)
\pgfexternal@startupbox=\box61
) (/usr/share/texlive/texmf-dist/tex/generic/pgf/basiclayer/pgfcorelayers.code.tex
File: pgfcorelayers.code.tex 2023-01-15 v3.1.10 (3.1.10)
) (/usr/share/texlive/texmf-dist/tex/generic/pgf/basiclayer/pgfcoretransparency.code.tex
File: pgfcoretransparency.code.tex 2023-01-15 v3.1.10 (3.1.10)
) (/usr/share/texlive/texmf-dist/tex/generic/pgf/basiclayer/pgfcorepatterns.code.tex
File: pgfcorepatterns.code.tex 2023-01-15 v3.1.10 (3.1.10)
) (/usr/share/texlive/texmf-dist/tex/generic/pgf/basiclayer/pgfcorerdf.code.tex
File: pgfcorerdf.code.tex 2023-01-15 v3.1.10 (3.1.10)
))) (/usr/share/texlive/texmf-dist/tex/generic/pgf/modules/pgfmoduleshapes.code.tex
File: pgfmoduleshapes.code.tex 2023-01-15 v3.1.10 (3.1.10)
\pgfnodeparttextbox=\box62
) (/usr/share/texlive/texmf-dist/tex/generic/pgf/modules/pgfmoduleplot.code.tex
File: pgfmoduleplot.code.tex 2023-01-15 v3.1.10 (3.1.10)
) (/usr/share/texlive/texmf-dist/tex/latex/pgf/compatibility/pgfcomp-version-0-65.sty
Package: pgfcomp-version-0-65 2023-01-15 v3.1.10 (3.1.10)
\pgf@nodesepstart=\dimen278
\pgf@nodesepend=\dimen279
) (/usr/share/texlive/texmf-dist/tex/latex/pgf/compatibility/pgfcomp-version-1-18.sty
Package: pgfcomp-version-1-18 2023-01-15 v3.1.10 (3.1.10)
)) (/usr/share/texlive/texmf-dist/tex/latex/tools/verbatim.sty
Package: verbatim 2023-11-06 v1.5v LaTeX2e package for verbatim enhancements
\every@verbatim=\toks40
\verbatim@line=\toks41
\verbatim@in@stream=\read4
) (/usr/share/texlive/texmf-dist/tex/latex/environ/environ.sty
Package: environ 2014/05/04 v0.3 A new way to define environments
 (/usr/share/texlive/texmf-dist/tex/latex/trimspaces/trimspaces.sty
Package: trimspaces 2009/09/17 v1.1 Trim spaces around a token list
)) (/usr/share/texlive/texmf-dist/tex/latex/etoolbox/etoolbox.sty
Package: etoolbox 2020/10/05 v2.5k e-TeX tools for LaTeX (JAW)
\etb@tempcnta=\count312
)
\tcb@titlebox=\box63
\tcb@upperbox=\box64
\tcb@lowerbox=\box65
\tcb@phantombox=\box66
\c@tcbbreakpart=\count313
\c@tcblayer=\count314
\c@tcolorbox@number=\count315
\l__tcobox_tmpa_box=\box67
\l__tcobox_tmpa_dim=\dimen280
\tcb@temp=\box68
\tcb@temp=\box69
\tcb@temp=\box70
\tcb@temp=\box71
) (/usr/share/texlive/texmf-dist/tex/latex/caption/subcaption.sty
Package: subcaption 2023/07/28 v1.6b Sub-captions (AR)
 (/usr/share/texlive/texmf-dist/tex/latex/caption/caption.sty
Package: caption 2023/08/05 v3.6o Customizing captions (AR)
 (/usr/share/texlive/texmf-dist/tex/latex/caption/caption3.sty
Package: caption3 2023/07/31 v2.4d caption3 kernel (AR)
\caption@tempdima=\dimen281
\captionmargin=\dimen282
\caption@leftmargin=\dimen283
\caption@rightmargin=\dimen284
\caption@width=\dimen285
\caption@indent=\dimen286
\caption@parindent=\dimen287
\caption@hangindent=\dimen288
Package caption Info: thesis document class detected.
 (/usr/share/texlive/texmf-dist/tex/latex/caption/caption-thesis.sto
File: caption-thesis.sto 2020/08/22 v2.0 Adaption of the caption package to the thesis document class (AR)
))
\c@caption@flags=\count316
\c@continuedfloat=\count317
Package caption Info: float package is loaded.
)
Package caption Info: New subtype `subfigure' on input line 238.
\c@subfigure=\count318
Package caption Info: New subtype `subtable' on input line 238.
\c@subtable=\count319
) (/usr/share/texlive/texmf-dist/tex/latex/l3backend/l3backend-pdftex.def
File: l3backend-pdftex.def 2024-01-04 L3 backend support: PDF output (pdfTeX)
\l__color_backend_stack_int=\count320
\l__pdf_internal_box=\box72
) (./tesis.aux
LaTeX Info: Redefining \. on input line 8.
LaTeX Info: Redefining \% on input line 8.
)
\openout1 = `tesis.aux'.

LaTeX Font Info:    Checking defaults for OML/cmm/m/it on input line 43.
LaTeX Font Info:    ... okay on input line 43.
LaTeX Font Info:    Checking defaults for OMS/cmsy/m/n on input line 43.
LaTeX Font Info:    ... okay on input line 43.
LaTeX Font Info:    Checking defaults for OT1/cmr/m/n on input line 43.
LaTeX Font Info:    ... okay on input line 43.
LaTeX Font Info:    Checking defaults for T1/cmr/m/n on input line 43.
LaTeX Font Info:    ... okay on input line 43.
LaTeX Font Info:    Checking defaults for TS1/cmr/m/n on input line 43.
LaTeX Font Info:    ... okay on input line 43.
LaTeX Font Info:    Checking defaults for OMX/cmex/m/n on input line 43.
LaTeX Font Info:    ... okay on input line 43.
LaTeX Font Info:    Checking defaults for U/cmr/m/n on input line 43.
LaTeX Font Info:    ... okay on input line 43.
 (/usr/share/texlive/texmf-dist/tex/context/base/mkii/supp-pdf.mkii
[Loading MPS to PDF converter (version 2006.09.02).]
\scratchcounter=\count321
\scratchdimen=\dimen289
\scratchbox=\box73
\nofMPsegments=\count322
\nofMParguments=\count323
\everyMPshowfont=\toks42
\MPscratchCnt=\count324
\MPscratchDim=\dimen290
\MPnumerator=\count325
\makeMPintoPDFobject=\count326
\everyMPtoPDFconversion=\toks43
) (/usr/share/texlive/texmf-dist/tex/latex/epstopdf-pkg/epstopdf-base.sty
Package: epstopdf-base 2020-01-24 v2.11 Base part for package epstopdf
Package epstopdf-base Info: Redefining graphics rule for `.eps' on input line 485.
 (/usr/share/texlive/texmf-dist/tex/latex/latexconfig/epstopdf-sys.cfg
File: epstopdf-sys.cfg 2010/07/13 v1.3 Configuration of (r)epstopdf for TeX Live
))
LaTeX Info: Redefining \. on input line 43.
LaTeX Info: Redefining \% on input line 43.

*geometry* driver: auto-detecting
*geometry* detected driver: pdftex
*geometry* verbose mode - [ preamble ] result:
* driver: pdftex
* paper: a4paper
* layout: <same size as paper>
* layoutoffset:(h,v)=(0.0pt,0.0pt)
* modes: twoside 
* h-part:(L,W,R)=(85.35826pt, 426.79135pt, 85.35826pt)
* v-part:(T,H,B)=(99.58464pt, 645.87756pt, 99.58464pt)
* \paperwidth=597.50787pt
* \paperheight=845.04684pt
* \textwidth=426.79135pt
* \textheight=645.87756pt
* \oddsidemargin=13.08827pt
* \evensidemargin=13.08827pt
* \topmargin=-4.55914pt
* \headheight=12.0pt
* \headsep=19.8738pt
* \topskip=11.0pt
* \footskip=27.46295pt
* \marginparwidth=106.0pt
* \marginparsep=7.0pt
* \columnsep=10.0pt
* \skip\footins=10.0pt plus 4.0pt minus 2.0pt
* \hoffset=0.0pt
* \voffset=0.0pt
* \mag=1000
* \@twocolumnfalse
* \@twosidetrue
* \@mparswitchtrue
* \@reversemarginfalse
* (1in=72.27pt=25.4mm, 1cm=28.453pt)

Package caption Info: Begin \AtBeginDocument code.
Package caption Info: End \AtBeginDocument code.
(./caratula.tex
LaTeX Font Info:    Trying to load font information for U+msa on input line 9.
 (/usr/share/texlive/texmf-dist/tex/latex/amsfonts/umsa.fd
File: umsa.fd 2013/01/14 v3.01 AMS symbols A
)
LaTeX Font Info:    Trying to load font information for U+msb on input line 9.
 (/usr/share/texlive/texmf-dist/tex/latex/amsfonts/umsb.fd
File: umsb.fd 2013/01/14 v3.01 AMS symbols B
)
<logofcen.pdf, id=4, 108.405pt x 108.405pt>
File: logofcen.pdf Graphic file (type pdf)
<use logofcen.pdf>
Package pdftex.def Info: logofcen.pdf  used on input line 10.
(pdftex.def)             Requested size: 73.97733pt x 73.98073pt.
 [1

{/var/lib/texmf/fonts/map/pdftex/updmap/pdftex.map} <./logofcen.pdf>]) [2

] (./abs_esp.tex) [3

] [4

] (./agradecimientos.tex) (../chapters/introduccion/main.tex [5

] [6

]
Cap\'{\i }tulo 1.
(../chapters/introduccion/motivacion.tex [7]) (../chapters/introduccion/objetivos.tex) (../chapters/introduccion/estructura_de_la_tesis.tex)) (../chapters/marco_teorico/main.tex
LaTeX Info: Redefining \. on input line 5.
LaTeX Info: Redefining \% on input line 5.
 [8]
Cap\'{\i }tulo 2.
(../chapters/marco_teorico/notacion.tex
LaTeX Font Info:    Trying to load font information for U+euf on input line 12.
 (/usr/share/texlive/texmf-dist/tex/latex/amsfonts/ueuf.fd
File: ueuf.fd 2013/01/14 v3.01 Euler Fraktur
) [9

]) (../chapters/marco_teorico/imagenes_y_pixeles.tex
LaTeX Info: Redefining \. on input line 4.
LaTeX Info: Redefining \% on input line 4.
 [10]
<../imagenes_marco_teorico/pixel_que_es.png, id=60, 1084.05pt x 433.62pt>
File: ../imagenes_marco_teorico/pixel_que_es.png Graphic file (type png)
<use ../imagenes_marco_teorico/pixel_que_es.png>
Package pdftex.def Info: ../imagenes_marco_teorico/pixel_que_es.png  used on input line 13.
(pdftex.def)             Requested size: 298.75264pt x 107.73874pt.
) (../chapters/marco_teorico/camaras_y_parametros_intrinsecos.tex
Underfull \vbox (badness 3965) has occurred while \output is active []

LaTeX Info: Redefining \. on input line 4.
LaTeX Info: Redefining \% on input line 4.
 [11 <../imagenes_marco_teorico/pixel_que_es.png>]
<../imagenes_marco_teorico/matriz_intrinseca.png, id=68, 308.65312pt x 479.54156pt>
File: ../imagenes_marco_teorico/matriz_intrinseca.png Graphic file (type png)
<use ../imagenes_marco_teorico/matriz_intrinseca.png>
Package pdftex.def Info: ../imagenes_marco_teorico/matriz_intrinseca.png  used on input line 7.
(pdftex.def)             Requested size: 213.39568pt x 331.5499pt.
LaTeX Info: Redefining \. on input line 15.
LaTeX Info: Redefining \% on input line 15.
 [12 <../imagenes_marco_teorico/matriz_intrinseca.png>]
<../imagenes_marco_teorico/lente_grafico11.png, id=73, 486.81876pt x 221.82875pt>
File: ../imagenes_marco_teorico/lente_grafico11.png Graphic file (type png)
<use ../imagenes_marco_teorico/lente_grafico11.png>
Package pdftex.def Info: ../imagenes_marco_teorico/lente_grafico11.png  used on input line 18.
(pdftex.def)             Requested size: 213.39568pt x 97.236pt.
) (../chapters/marco_teorico/coordenadas_homogeneas.tex
LaTeX Info: Redefining \. on input line 43.
LaTeX Info: Redefining \% on input line 43.
 [13 <../imagenes_marco_teorico/lente_grafico11.png>]) (../chapters/marco_teorico/transformaciones_rigidas_y_parametros_extrinsecos.tex) (../chapters/marco_teorico/proyeccion.tex
LaTeX Info: Redefining \. on input line 12.
LaTeX Info: Redefining \% on input line 12.
 [14]) (../chapters/marco_teorico/back_projection_e_imagenes_de_profundidad.tex
LaTeX Info: Redefining \. on input line 10.
LaTeX Info: Redefining \% on input line 10.
 [15]
<../imagenes_marco_teorico/imagen_de_profundidad.png, id=85, 527.72156pt x 147.55125pt>
File: ../imagenes_marco_teorico/imagen_de_profundidad.png Graphic file (type png)
<use ../imagenes_marco_teorico/imagen_de_profundidad.png>
Package pdftex.def Info: ../imagenes_marco_teorico/imagen_de_profundidad.png  used on input line 13.
(pdftex.def)             Requested size: 341.43437pt x 95.46362pt.
) (../chapters/marco_teorico/reconstruccion_de_imagenes_y_odometria.tex
<../imagenes_marco_teorico/multiples_imagenes.png, id=86, 726.715pt x 333.245pt>
File: ../imagenes_marco_teorico/multiples_imagenes.png Graphic file (type png)
<use ../imagenes_marco_teorico/multiples_imagenes.png>
Package pdftex.def Info: ../imagenes_marco_teorico/multiples_imagenes.png  used on input line 7.
(pdftex.def)             Requested size: 426.79135pt x 195.7128pt.

Underfull \vbox (badness 2680) has occurred while \output is active []

LaTeX Info: Redefining \. on input line 10.
LaTeX Info: Redefining \% on input line 10.
 [16 <../imagenes_marco_teorico/imagen_de_profundidad.png>]
<../imagenes_marco_teorico/rome16k.png, id=91, 531.9875pt x 140.525pt>
File: ../imagenes_marco_teorico/rome16k.png Graphic file (type png)
<use ../imagenes_marco_teorico/rome16k.png>
Package pdftex.def Info: ../imagenes_marco_teorico/rome16k.png  used on input line 15.
(pdftex.def)             Requested size: 426.79135pt x 112.73962pt.
LaTeX Info: Redefining \. on input line 22.
LaTeX Info: Redefining \% on input line 22.
 [17 <../imagenes_marco_teorico/multiples_imagenes.png (PNG copy)> <../imagenes_marco_teorico/rome16k.png (PNG copy)>]
<../imagenes_marco_teorico/rgbd_registration.png, id=95, 936.49875pt x 300.3722pt>
File: ../imagenes_marco_teorico/rgbd_registration.png Graphic file (type png)
<use ../imagenes_marco_teorico/rgbd_registration.png>
Package pdftex.def Info: ../imagenes_marco_teorico/rgbd_registration.png  used on input line 25.
(pdftex.def)             Requested size: 320.0935pt x 102.66602pt.
) (../chapters/marco_teorico/slam.tex
LaTeX Info: Redefining \. on input line 24.
LaTeX Info: Redefining \% on input line 24.
 [18 <../imagenes_marco_teorico/rgbd_registration.png>]) (../chapters/marco_teorico/grupos_y_algebras_de_lie.tex
LaTeX Info: Redefining \. on input line 26.
LaTeX Info: Redefining \% on input line 26.
 [19]
LaTeX Info: Redefining \. on input line 106.
LaTeX Info: Redefining \% on input line 106.
 [20]
Missing character: There is no e in font msbm10!
<../imagenes_marco_teorico/mapa_exponencial.png, id=108, 711.65875pt x 467.7475pt>
File: ../imagenes_marco_teorico/mapa_exponencial.png Graphic file (type png)
<use ../imagenes_marco_teorico/mapa_exponencial.png>
Package pdftex.def Info: ../imagenes_marco_teorico/mapa_exponencial.png  used on input line 148.
(pdftex.def)             Requested size: 320.0935pt x 210.38449pt.
LaTeX Info: Redefining \. on input line 152.
LaTeX Info: Redefining \% on input line 152.
[21]
<../imagenes_marco_teorico/mapeo_exponencial_2.png, id=112, 441.14813pt x 167.87718pt>
File: ../imagenes_marco_teorico/mapeo_exponencial_2.png Graphic file (type png)
<use ../imagenes_marco_teorico/mapeo_exponencial_2.png>
Package pdftex.def Info: ../imagenes_marco_teorico/mapeo_exponencial_2.png  used on input line 188.
(pdftex.def)             Requested size: 256.07741pt x 97.45335pt.
LaTeX Info: Redefining \. on input line 191.
LaTeX Info: Redefining \% on input line 191.
 [22 <../imagenes_marco_teorico/mapa_exponencial.png>]
LaTeX Info: Redefining \. on input line 250.
LaTeX Info: Redefining \% on input line 250.
 [23 <../imagenes_marco_teorico/mapeo_exponencial_2.png>]
LaTeX Info: Redefining \. on input line 339.
LaTeX Info: Redefining \% on input line 339.
 [24]
LaTeX Info: Redefining \. on input line 442.
LaTeX Info: Redefining \% on input line 442.
 [25]
LaTeX Info: Redefining \. on input line 539.
LaTeX Info: Redefining \% on input line 539.
 [26]) (../chapters/marco_teorico/optimizacion.tex
LaTeX Info: Redefining \. on input line 13.
LaTeX Info: Redefining \% on input line 13.
 [27]
LaTeX Info: Redefining \. on input line 58.
LaTeX Info: Redefining \% on input line 58.
 [28]
LaTeX Info: Redefining \. on input line 108.
LaTeX Info: Redefining \% on input line 108.
 [29]
Underfull \vbox (badness 1824) has occurred while \output is active []

LaTeX Info: Redefining \. on input line 183.
LaTeX Info: Redefining \% on input line 183.
 [30])
LaTeX Info: Redefining \. on input line 39.
LaTeX Info: Redefining \% on input line 39.
 [31] (../chapters/marco_teorico/gaussian_splatting.tex
LaTeX Info: Redefining \. on input line 29.
LaTeX Info: Redefining \% on input line 29.
 [32]
LaTeX Info: Redefining \. on input line 101.
LaTeX Info: Redefining \% on input line 101.
 [33]
LaTeX Info: Redefining \. on input line 119.
LaTeX Info: Redefining \% on input line 119.
 [34]
Overfull \hbox (70.4648pt too wide) detected at line 144
[]\OML/cmm/m/it/10.95 max\OT1/cmr/m/n/10.95 (\OML/cmm/m/it/10.95 G[]\OT1/cmr/m/n/10.95 (\OML/cmm/m/it/10.95 t\OT1/cmr/m/n/10.95 )) = \OML/cmm/m/it/10.95 max\OT1/cmr/m/n/10.95 (\OML/cmm/m/it/10.95 log\OT1/cmr/m/n/10.95 (\OML/cmm/m/it/10.95 G[]\OT1/cmr/m/n/10.95 (\OML/cmm/m/it/10.95 t\OT1/cmr/m/n/10.95 )) = \OML/cmm/m/it/10.95 max\OT1/cmr/m/n/10.95 (\OMS/cmsy/m/n/10.95 ^^@\OT1/cmr/m/n/10.95 (\OML/cmm/m/it/10.95 o \OT1/cmr/m/n/10.95 + \OML/cmm/m/it/10.95 tv \OMS/cmsy/m/n/10.95 ^^@ \OML/cmm/m/it/10.95 x[]\OT1/cmr/m/n/10.95 )[]^^F[](\OML/cmm/m/it/10.95 o \OT1/cmr/m/n/10.95 + \OML/cmm/m/it/10.95 tv \OMS/cmsy/m/n/10.95 ^^@ \OML/cmm/m/it/10.95 x[]\OT1/cmr/m/n/10.95 )) = \OML/cmm/m/it/10.95 min\OT1/cmr/m/n/10.95 ((\OML/cmm/m/it/10.95 o \OT1/cmr/m/n/10.95 + \OML/cmm/m/it/10.95 tv \OMS/cmsy/m/n/10.95 ^^@ \OML/cmm/m/it/10.95 x[]\OT1/cmr/m/n/10.95 )[]^^F[](\OML/cmm/m/it/10.95 o \OT1/cmr/m/n/10.95 + \OML/cmm/m/it/10.95 tv \OMS/cmsy/m/n/10.95 ^^@ \OML/cmm/m/it/10.95 x[]\OT1/cmr/m/n/10.95 ))
 []

<../imagenes_marco_teorico/orden_profundidad_espacios.png, id=158, 501.37312pt x 231.11343pt>
File: ../imagenes_marco_teorico/orden_profundidad_espacios.png Graphic file (type png)
<use ../imagenes_marco_teorico/orden_profundidad_espacios.png>
Package pdftex.def Info: ../imagenes_marco_teorico/orden_profundidad_espacios.png  used on input line 173.
(pdftex.def)             Requested size: 426.79135pt x 196.74356pt.
LaTeX Info: Redefining \. on input line 184.
LaTeX Info: Redefining \% on input line 184.
[35]
LaTeX Info: Redefining \. on input line 218.
LaTeX Info: Redefining \% on input line 218.
 [36 <../imagenes_marco_teorico/orden_profundidad_espacios.png>]
LaTeX Info: Redefining \. on input line 253.
LaTeX Info: Redefining \% on input line 253.
 [37]
<../imagenes_marco_teorico/densificacion_gaussianas.png, id=170, 447.17062pt x 271.0125pt>
File: ../imagenes_marco_teorico/densificacion_gaussianas.png Graphic file (type png)
<use ../imagenes_marco_teorico/densificacion_gaussianas.png>
Package pdftex.def Info: ../imagenes_marco_teorico/densificacion_gaussianas.png  used on input line 259.
(pdftex.def)             Requested size: 320.0935pt x 193.9999pt.
) (../chapters/marco_teorico/imu.tex
Underfull \vbox (badness 3179) has occurred while \output is active []

LaTeX Info: Redefining \. on input line 3.
LaTeX Info: Redefining \% on input line 3.
 [38 <../imagenes_marco_teorico/densificacion_gaussianas.png>]
<../imagenes_marco_teorico/giroscopio_ejes.png, id=175, 743.02594pt x 557.83406pt>
File: ../imagenes_marco_teorico/giroscopio_ejes.png Graphic file (type png)
<use ../imagenes_marco_teorico/giroscopio_ejes.png>
Package pdftex.def Info: ../imagenes_marco_teorico/giroscopio_ejes.png  used on input line 6.
(pdftex.def)             Requested size: 213.39568pt x 160.21005pt.
<../imagenes_marco_teorico/modelo_acelerometro_resorte.png, id=176, 636.87938pt x 393.72093pt>
File: ../imagenes_marco_teorico/modelo_acelerometro_resorte.png Graphic file (type png)
<use ../imagenes_marco_teorico/modelo_acelerometro_resorte.png>
Package pdftex.def Info: ../imagenes_marco_teorico/modelo_acelerometro_resorte.png  used on input line 14.
(pdftex.def)             Requested size: 341.43437pt x 211.07417pt.
LaTeX Info: Redefining \. on input line 20.
LaTeX Info: Redefining \% on input line 20.
 [39 <../imagenes_marco_teorico/giroscopio_ejes.png> <../imagenes_marco_teorico/modelo_acelerometro_resorte.png>]
<../imagenes_marco_teorico/modelo_giroscopo.png, id=182, 447.17062pt x 395.97937pt>
File: ../imagenes_marco_teorico/modelo_giroscopo.png Graphic file (type png)
<use ../imagenes_marco_teorico/modelo_giroscopo.png>
Package pdftex.def Info: ../imagenes_marco_teorico/modelo_giroscopo.png  used on input line 23.
(pdftex.def)             Requested size: 213.39568pt x 188.96826pt.

Underfull \hbox (badness 1163) in paragraph at lines 46--47
[]\OT1/cmr/m/n/10.95 Tel^^Sefo-nos ce-lu-la-res, re-lo-jes in-te-li-gen-tes,
 []


Underfull \hbox (badness 10000) in paragraph at lines 49--50
[]\OT1/cmr/m/n/10.95 Aeroespacial, sub-ma-ri-nos, na-ve-ga-ci^^Son
 []


Overfull \hbox (0.73846pt too wide) in paragraph at lines 42--52
 [][] 
 []


Underfull \vbox (badness 10000) has occurred while \output is active []

LaTeX Info: Redefining \. on input line 53.
LaTeX Info: Redefining \% on input line 53.
 [40 <../imagenes_marco_teorico/modelo_giroscopo.png>]
LaTeX Info: Redefining \. on input line 96.
LaTeX Info: Redefining \% on input line 96.
 [41{/usr/share/texmf/fonts/enc/dvips/cm-super/cm-super-ts1.enc}])) (../chapters/estado_del_arte/main.tex
LaTeX Info: Redefining \. on input line 1.
LaTeX Info: Redefining \% on input line 1.
 [42]
Cap\'{\i }tulo 3.
(../chapters/estado_del_arte/vigs-fusion.tex
<../imagenes_marco_teorico/pipeline_vigs_fusion.png, id=194, 881.54344pt x 355.3275pt>
File: ../imagenes_marco_teorico/pipeline_vigs_fusion.png Graphic file (type png)
<use ../imagenes_marco_teorico/pipeline_vigs_fusion.png>
Package pdftex.def Info: ../imagenes_marco_teorico/pipeline_vigs_fusion.png  used on input line 7.
(pdftex.def)             Requested size: 320.0935pt x 129.01843pt.
 [43

 <../imagenes_marco_teorico/pipeline_vigs_fusion.png>]
LaTeX Info: Redefining \. on input line 90.
LaTeX Info: Redefining \% on input line 90.
 [44]
LaTeX Info: Redefining \. on input line 178.
LaTeX Info: Redefining \% on input line 178.
 [45]
LaTeX Info: Redefining \. on input line 294.
LaTeX Info: Redefining \% on input line 294.
 [46]
LaTeX Info: Redefining \. on input line 392.
LaTeX Info: Redefining \% on input line 392.
 [47]
LaTeX Info: Redefining \. on input line 476.
LaTeX Info: Redefining \% on input line 476.
 [48]
LaTeX Info: Redefining \. on input line 582.
LaTeX Info: Redefining \% on input line 582.
 [49]
Overfull \hbox (5.6223pt too wide) in paragraph at lines 613--614
 \OT1/cmr/m/sl/10.95 T^^Sermino de re-gu-la-ri-za-ci^^Son isotr^^Sopi-ca ($\OMS/cmsy/m/n/10.95 L[]$\OT1/cmr/m/sl/10.95 ):[] \OT1/cmr/m/n/10.95 Pe-na-li-za que las gaus-sia-nas sean muy anis^^Sotro-
 []

LaTeX Info: Redefining \. on input line 628.
LaTeX Info: Redefining \% on input line 628.
[50]
LaTeX Info: Redefining \. on input line 691.
LaTeX Info: Redefining \% on input line 691.
 [51]
LaTeX Info: Redefining \. on input line 786.
LaTeX Info: Redefining \% on input line 786.
 [52]
LaTeX Info: Redefining \. on input line 830.
LaTeX Info: Redefining \% on input line 830.
 [53]
LaTeX Info: Redefining \. on input line 908.
LaTeX Info: Redefining \% on input line 908.
 [54]
LaTeX Info: Redefining \. on input line 989.
LaTeX Info: Redefining \% on input line 989.
 [55]) (../chapters/estado_del_arte/fourier.tex
LaTeX Info: Redefining \. on input line 6.
LaTeX Info: Redefining \% on input line 6.
 [56]
LaTeX Info: Redefining \. on input line 46.
LaTeX Info: Redefining \% on input line 46.
 [57]) (../chapters/estado_del_arte/loopsplat.tex
LaTeX Info: Redefining \. on input line 17.
LaTeX Info: Redefining \% on input line 17.
 [58]
LaTeX Info: Redefining \. on input line 52.
LaTeX Info: Redefining \% on input line 52.
 [59]
LaTeX Info: Redefining \. on input line 87.
LaTeX Info: Redefining \% on input line 87.
 [60])) (../chapters/implementacion/main.tex
LaTeX Info: Redefining \. on input line 5.
LaTeX Info: Redefining \% on input line 5.
 [61]
LaTeX Info: Redefining \. on input line 5.
LaTeX Info: Redefining \% on input line 5.
 [62

]
Cap\'{\i }tulo 4.
<../imagenes_implementacion/vigs.drawio.png, id=262, 490.83376pt x 243.91125pt>
File: ../imagenes_implementacion/vigs.drawio.png Graphic file (type png)
<use ../imagenes_implementacion/vigs.drawio.png>
Package pdftex.def Info: ../imagenes_implementacion/vigs.drawio.png  used on input line 16.
(pdftex.def)             Requested size: 384.1096pt x 190.8827pt.
(../chapters/implementacion/gestion_de_mapa.tex [63 <../imagenes_implementacion/vigs.drawio.png>]
LaTeX Info: Redefining \. on input line 65.
LaTeX Info: Redefining \% on input line 65.
 [64]) (../chapters/implementacion/seleccion_de_keyframes.tex
LaTeX Info: Redefining \. on input line 4.
LaTeX Info: Redefining \% on input line 4.
 [65]
<../imagenes_marco_teorico/Beta-binomial_distribution.png, id=274, 655.44875pt x 655.44875pt>
File: ../imagenes_marco_teorico/Beta-binomial_distribution.png Graphic file (type png)
<use ../imagenes_marco_teorico/Beta-binomial_distribution.png>
Package pdftex.def Info: ../imagenes_marco_teorico/Beta-binomial_distribution.png  used on input line 29.
(pdftex.def)             Requested size: 341.43437pt x 341.4354pt.
)
Underfull \vbox (badness 10000) has occurred while \output is active []

LaTeX Info: Redefining \. on input line 28.
LaTeX Info: Redefining \% on input line 28.
 [66] (../chapters/implementacion/loop_closure.tex
Underfull \vbox (badness 10000) has occurred while \output is active []

LaTeX Info: Redefining \. on input line 10.
LaTeX Info: Redefining \% on input line 10.
 [67 <../imagenes_marco_teorico/Beta-binomial_distribution.png>]) (../chapters/implementacion/ros2.tex
LaTeX Info: Redefining \. on input line 4.
LaTeX Info: Redefining \% on input line 4.
 [68]
<../imagenes_implementacion/What-is-a-ROS2-message.png, id=286, 591.20876pt x 198.7425pt>
File: ../imagenes_implementacion/What-is-a-ROS2-message.png Graphic file (type png)
<use ../imagenes_implementacion/What-is-a-ROS2-message.png>
Package pdftex.def Info: ../imagenes_implementacion/What-is-a-ROS2-message.png  used on input line 9.
(pdftex.def)             Requested size: 341.43437pt x 114.77945pt.
) (../chapters/implementacion/programacion_en_gpu.tex
LaTeX Info: Redefining \. on input line 4.
LaTeX Info: Redefining \% on input line 4.
 [69 <../imagenes_implementacion/What-is-a-ROS2-message.png (PNG copy)>]
LaTeX Info: Redefining \. on input line 23.
LaTeX Info: Redefining \% on input line 23.
 [70]) (../chapters/implementacion/hilos_en_cpu.tex)) (../chapters/resultados/main.tex
LaTeX Info: Redefining \. on input line 5.
LaTeX Info: Redefining \% on input line 5.
 [71]
LaTeX Info: Redefining \. on input line 5.
LaTeX Info: Redefining \% on input line 5.
 [72

]
Cap\'{\i }tulo 5.
(../chapters/resultados/metricas.tex [73]) (../chapters/resultados/dataset.tex)
LaTeX Info: Redefining \. on input line 18.
LaTeX Info: Redefining \% on input line 18.
 [74] (../chapters/resultados/evaluacion.tex
<../imagenes_implementacion/mascaras_original.png, id=306, 787.94376pt x 476.78125pt>
File: ../imagenes_implementacion/mascaras_original.png Graphic file (type png)
<use ../imagenes_implementacion/mascaras_original.png>
Package pdftex.def Info: ../imagenes_implementacion/mascaras_original.png  used on input line 9.
(pdftex.def)             Requested size: 298.75264pt x 180.77135pt.
<../imagenes_implementacion/mask_fft.png, id=307, 423.5825pt x 265.99374pt>
File: ../imagenes_implementacion/mask_fft.png Graphic file (type png)
<use ../imagenes_implementacion/mask_fft.png>
Package pdftex.def Info: ../imagenes_implementacion/mask_fft.png  used on input line 21.
(pdftex.def)             Requested size: 204.85802pt x 128.64151pt.
<../imagenes_implementacion/mask_sobel.png, id=308, 428.60126pt x 265.99374pt>
File: ../imagenes_implementacion/mask_sobel.png Graphic file (type png)
<use ../imagenes_implementacion/mask_sobel.png>
Package pdftex.def Info: ../imagenes_implementacion/mask_sobel.png  used on input line 27.
(pdftex.def)             Requested size: 204.85802pt x 127.13573pt.
<../imagenes_implementacion/mask_laplace.png, id=309, 430.60875pt x 268.00125pt>
File: ../imagenes_implementacion/mask_laplace.png Graphic file (type png)
<use ../imagenes_implementacion/mask_laplace.png>
Package pdftex.def Info: ../imagenes_implementacion/mask_laplace.png  used on input line 35.
(pdftex.def)             Requested size: 204.85802pt x 127.50229pt.
<../imagenes_implementacion/mask_canny.png, id=310, 425.59pt x 261.97874pt>
File: ../imagenes_implementacion/mask_canny.png Graphic file (type png)
<use ../imagenes_implementacion/mask_canny.png>
Package pdftex.def Info: ../imagenes_implementacion/mask_canny.png  used on input line 41.
(pdftex.def)             Requested size: 204.85802pt x 126.10414pt.

Underfull \vbox (badness 10000) has occurred while \output is active []

LaTeX Info: Redefining \. on input line 48.
LaTeX Info: Redefining \% on input line 48.
 [75 <../imagenes_implementacion/mascaras_original.png>]
Underfull \vbox (badness 4378) has occurred while \output is active []

LaTeX Info: Redefining \. on input line 75.
LaTeX Info: Redefining \% on input line 75.
 [76 <../imagenes_implementacion/mask_fft.png> <../imagenes_implementacion/mask_sobel.png> <../imagenes_implementacion/mask_laplace.png> <../imagenes_implementacion/mask_canny.png>]
<../imagenes_resultados/ejemplo_1.png, id=317, 851.18pt x 481.8pt>
File: ../imagenes_resultados/ejemplo_1.png Graphic file (type png)
<use ../imagenes_resultados/ejemplo_1.png>
Package pdftex.def Info: ../imagenes_resultados/ejemplo_1.png  used on input line 118.
(pdftex.def)             Requested size: 209.1301pt x 118.36917pt.
<../imagenes_resultados/ejemplo_3.png, id=318, 851.18pt x 481.8pt>
File: ../imagenes_resultados/ejemplo_3.png Graphic file (type png)
<use ../imagenes_resultados/ejemplo_3.png>
Package pdftex.def Info: ../imagenes_resultados/ejemplo_3.png  used on input line 125.
(pdftex.def)             Requested size: 209.1301pt x 118.36917pt.
<../imagenes_resultados/ejemplo2_1.png, id=319, 851.18pt x 481.8pt>
File: ../imagenes_resultados/ejemplo2_1.png Graphic file (type png)
<use ../imagenes_resultados/ejemplo2_1.png>
Package pdftex.def Info: ../imagenes_resultados/ejemplo2_1.png  used on input line 139.
(pdftex.def)             Requested size: 209.1301pt x 118.36917pt.
<../imagenes_resultados/ejemplo2_2.png, id=320, 851.18pt x 481.8pt>
File: ../imagenes_resultados/ejemplo2_2.png Graphic file (type png)
<use ../imagenes_resultados/ejemplo2_2.png>
Package pdftex.def Info: ../imagenes_resultados/ejemplo2_2.png  used on input line 146.
(pdftex.def)             Requested size: 209.1301pt x 118.36917pt.

Underfull \vbox (badness 6859) has occurred while \output is active []

LaTeX Info: Redefining \. on input line 154.
LaTeX Info: Redefining \% on input line 154.
 [77 <../imagenes_resultados/ejemplo_1.png (PNG copy)> <../imagenes_resultados/ejemplo_3.png (PNG copy)>]
<../imagenes_resultados/ejemplo3_1.png, id=324, 851.18pt x 481.8pt>
File: ../imagenes_resultados/ejemplo3_1.png Graphic file (type png)
<use ../imagenes_resultados/ejemplo3_1.png>
Package pdftex.def Info: ../imagenes_resultados/ejemplo3_1.png  used on input line 160.
(pdftex.def)             Requested size: 209.1301pt x 118.36917pt.
<../imagenes_resultados/ejemplo3_2.png, id=325, 851.18pt x 481.8pt>
File: ../imagenes_resultados/ejemplo3_2.png Graphic file (type png)
<use ../imagenes_resultados/ejemplo3_2.png>
Package pdftex.def Info: ../imagenes_resultados/ejemplo3_2.png  used on input line 167.
(pdftex.def)             Requested size: 209.1301pt x 118.36917pt.
)) (../chapters/conclusiones/main.tex
LaTeX Info: Redefining \. on input line 1.
LaTeX Info: Redefining \% on input line 1.
 [78 <../imagenes_resultados/ejemplo2_1.png (PNG copy)> <../imagenes_resultados/ejemplo2_2.png (PNG copy)> <../imagenes_resultados/ejemplo3_1.png (PNG copy)> <../imagenes_resultados/ejemplo3_2.png (PNG copy)>]
Cap\'{\i }tulo 6.
) [79

]
LaTeX Info: Redefining \. on input line 99.
LaTeX Info: Redefining \% on input line 99.
 [80

] (./tesis.bbl
Underfull \hbox (badness 10000) in paragraph at lines 63--67
[]\OT1/cmr/m/n/10.95 Sumit Singh.  Multi-view 3d re-cons-truc-tion in au-to-no-mous
 []


Underfull \hbox (badness 10000) in paragraph at lines 63--67
\OT1/cmr/m/n/10.95 vehi-cles: How it works?  $\OT1/cmtt/m/n/10.95 https : / / www . labellerr . com / blog /
 []


Underfull \hbox (badness 10000) in paragraph at lines 63--67
\OT1/cmtt/m/n/10.95 multi-[]view-[]3d-[]reconstruction-[]in-[]autonomous-[]vehicles-[]how-[]it-[]works/$\OT1/cmr/m/n/10.95 ,
 []

[81

]
LaTeX Info: Redefining \. on input line 151.
LaTeX Info: Redefining \% on input line 151.
 [82]
Underfull \hbox (badness 3635) in paragraph at lines 153--157
[]\OT1/cmr/m/n/10.95 Toni[]K.  Ac-ce-le-ro-me-ter ba-sics.  $\OT1/cmtt/m/n/10.95 https : / / learn . sparkfun . com / tutorials /
 []


Underfull \hbox (badness 7415) in paragraph at lines 208--212
[]\OT1/cmr/m/n/10.95 MathWorks.  Ros 2 to-pics.  $\OT1/cmtt/m/n/10.95 https : / / ww2 . mathworks . cn / help / ros / gs /
 []

)
LaTeX Info: Redefining \. on input line 103.
LaTeX Info: Redefining \% on input line 103.
 [83] (./tesis.aux
LaTeX Info: Redefining \. on input line 8.
LaTeX Info: Redefining \% on input line 8.
)
 ***********
LaTeX2e <2023-11-01> patch level 1
L3 programming layer <2024-01-22>
 ***********
 ) 
Here is how much of TeX's memory you used:
 18807 strings out of 474222
 376646 string characters out of 5748733
 1940975 words of memory out of 5000000
 40644 multiletter control sequences out of 15000+600000
 574253 words of font info for 95 fonts, out of 8000000 for 9000
 1141 hyphenation exceptions out of 8191
 83i,23n,93p,1429b,555s stack positions out of 10000i,1000n,20000p,200000b,200000s
</usr/share/texlive/texmf-dist/fonts/type1/public/amsfonts/cm/cmbx10.pfb></usr/share/texlive/texmf-dist/fonts/type1/public/amsfonts/cm/cmbx12.pfb></usr/share/texlive/texmf-dist/fonts/type1/public/amsfonts/cm/cmbx8.pfb></usr/share/texlive/texmf-dist/fonts/type1/public/amsfonts/cm/cmcsc10.pfb></usr/share/texlive/texmf-dist/fonts/type1/public/amsfonts/cm/cmex10.pfb></usr/share/texlive/texmf-dist/fonts/type1/public/amsfonts/cm/cmmi10.pfb></usr/share/texlive/texmf-dist/fonts/type1/public/amsfonts/cm/cmmi6.pfb></usr/share/texlive/texmf-dist/fonts/type1/public/amsfonts/cm/cmmi8.pfb></usr/share/texlive/texmf-dist/fonts/type1/public/amsfonts/cm/cmmib10.pfb></usr/share/texlive/texmf-dist/fonts/type1/public/amsfonts/cmextra/cmmib8.pfb></usr/share/texlive/texmf-dist/fonts/type1/public/amsfonts/cm/cmr10.pfb></usr/share/texlive/texmf-dist/fonts/type1/public/amsfonts/cm/cmr12.pfb></usr/share/texlive/texmf-dist/fonts/type1/public/amsfonts/cm/cmr6.pfb></usr/share/texlive/texmf-dist/fonts/type1/public/amsfonts/cm/cmr8.pfb></usr/share/texlive/texmf-dist/fonts/type1/public/amsfonts/cm/cmr9.pfb></usr/share/texlive/texmf-dist/fonts/type1/public/amsfonts/cm/cmsl10.pfb></usr/share/texlive/texmf-dist/fonts/type1/public/amsfonts/cm/cmsl8.pfb></usr/share/texlive/texmf-dist/fonts/type1/public/amsfonts/cm/cmsy10.pfb></usr/share/texlive/texmf-dist/fonts/type1/public/amsfonts/cm/cmsy6.pfb></usr/share/texlive/texmf-dist/fonts/type1/public/amsfonts/cm/cmsy8.pfb></usr/share/texlive/texmf-dist/fonts/type1/public/amsfonts/cm/cmti10.pfb></usr/share/texlive/texmf-dist/fonts/type1/public/amsfonts/cm/cmtt10.pfb></usr/share/texlive/texmf-dist/fonts/type1/public/amsfonts/euler/eufm10.pfb></usr/share/texlive/texmf-dist/fonts/type1/public/amsfonts/symbols/msbm10.pfb></usr/share/texmf/fonts/type1/public/cm-super/sfbx1095.pfb>
Output written on tesis.pdf (83 pages, 5722005 bytes).
PDF statistics:
 453 PDF objects out of 1000 (max. 8388607)
 269 compressed objects within 3 object streams
 0 named destinations out of 1000 (max. 500000)
 169 words of extra memory for PDF output out of 10000 (max. 10000000)

